<?xml version="1.0" encoding="UTF-8"?>
<coverage generated="1584983955195" clover="3.2.0">
  <project timestamp="1584983955195" name="All files">
    <metrics statements="29" coveredstatements="6" conditionals="7" coveredconditionals="0" methods="6" coveredmethods="1" elements="42" coveredelements="7" complexity="0" loc="29" ncloc="29" packages="1" files="2" classes="2"/>
    <file name="formHandler.js" path="/Users/alva/Downloads/FrontEndDevelopment/PartFour/ProjectFour/src/client/js/formHandler.js">
      <metrics statements="14" coveredstatements="4" conditionals="6" coveredconditionals="0" methods="4" coveredmethods="1"/>
      <line num="1" count="1" type="stmt"/>
      <line num="3" count="1" type="stmt"/>
      <line num="9" count="1" type="stmt"/>
      <line num="11" count="0" type="cond" truecount="0" falsecount="2"/>
      <line num="13" count="0" type="stmt"/>
      <line num="21" count="0" type="stmt"/>
      <line num="25" count="0" type="cond" truecount="0" falsecount="4"/>
      <line num="26" count="0" type="stmt"/>
      <line num="27" count="0" type="stmt"/>
      <line num="30" count="0" type="stmt"/>
      <line num="33" count="0" type="stmt"/>
      <line num="34" count="0" type="stmt"/>
      <line num="37" count="0" type="stmt"/>
      <line num="41" count="1" type="stmt"/>
    </file>
    <file name="getHandler.js" path="/Users/alva/Downloads/FrontEndDevelopment/PartFour/ProjectFour/src/client/js/getHandler.js">
      <metrics statements="15" coveredstatements="2" conditionals="1" coveredconditionals="0" methods="2" coveredmethods="0"/>
      <line num="1" count="1" type="stmt"/>
      <line num="4" count="0" type="stmt"/>
      <line num="6" count="0" type="stmt"/>
      <line num="7" count="0" type="stmt"/>
      <line num="8" count="0" type="stmt"/>
      <line num="10" count="0" type="stmt"/>
      <line num="12" count="0" type="stmt"/>
      <line num="13" count="0" type="stmt"/>
      <line num="14" count="0" type="stmt"/>
      <line num="15" count="0" type="stmt"/>
      <line num="16" count="0" type="stmt"/>
      <line num="17" count="0" type="stmt"/>
      <line num="18" count="0" type="stmt"/>
      <line num="23" count="0" type="stmt"/>
      <line num="27" count="1" type="stmt"/>
    </file>
  </project>
</coverage>
