{"/Users/alva/Downloads/FrontEndDevelopment/PartFour/ProjectFour/src/client/js/formHandler.js": {"path":"/Users/alva/Downloads/FrontEndDevelopment/PartFour/ProjectFour/src/client/js/formHandler.js","statementMap":{"0":{"start":{"line":1,"column":19},"end":{"line":1,"column":42}},"1":{"start":{"line":3,"column":14},"end":{"line":3,"column":48}},"2":{"start":{"line":9,"column":19},"end":{"line":9,"column":61}},"3":{"start":{"line":11,"column":21},"end":{"line":24,"column":1}},"4":{"start":{"line":13,"column":21},"end":{"line":22,"column":4}},"5":{"start":{"line":21,"column":4},"end":{"line":21,"column":16}},"6":{"start":{"line":25,"column":4},"end":{"line":31,"column":5}},"7":{"start":{"line":26,"column":8},"end":{"line":26,"column":63}},"8":{"start":{"line":27,"column":8},"end":{"line":27,"column":47}},"9":{"start":{"line":30,"column":8},"end":{"line":30,"column":38}},"10":{"start":{"line":33,"column":4},"end":{"line":35,"column":12}},"11":{"start":{"line":34,"column":12},"end":{"line":34,"column":44}},"12":{"start":{"line":37,"column":4},"end":{"line":37,"column":29}},"13":{"start":{"line":41,"column":0},"end":{"line":41,"column":29}}},"fnMap":{"0":{"name":"handleSubmit","decl":{"start":{"line":5,"column":9},"end":{"line":5,"column":21}},"loc":{"start":{"line":5,"column":29},"end":{"line":38,"column":1}},"line":5},"1":{"name":"(anonymous_1)","decl":{"start":{"line":11,"column":21},"end":{"line":11,"column":22}},"loc":{"start":{"line":11,"column":51},"end":{"line":24,"column":1}},"line":11},"2":{"name":"(anonymous_2)","decl":{"start":{"line":20,"column":10},"end":{"line":20,"column":11}},"loc":{"start":{"line":20,"column":17},"end":{"line":22,"column":3}},"line":20},"3":{"name":"(anonymous_3)","decl":{"start":{"line":33,"column":15},"end":{"line":33,"column":16}},"loc":{"start":{"line":33,"column":25},"end":{"line":35,"column":5}},"line":33}},"branchMap":{"0":{"loc":{"start":{"line":11,"column":29},"end":{"line":11,"column":37}},"type":"default-arg","locations":[{"start":{"line":11,"column":35},"end":{"line":11,"column":37}}],"line":11},"1":{"loc":{"start":{"line":11,"column":39},"end":{"line":11,"column":48}},"type":"default-arg","locations":[{"start":{"line":11,"column":46},"end":{"line":11,"column":48}}],"line":11},"2":{"loc":{"start":{"line":25,"column":4},"end":{"line":31,"column":5}},"type":"if","locations":[{"start":{"line":25,"column":4},"end":{"line":31,"column":5}},{"start":{"line":25,"column":4},"end":{"line":31,"column":5}}],"line":25},"3":{"loc":{"start":{"line":25,"column":8},"end":{"line":25,"column":43}},"type":"binary-expr","locations":[{"start":{"line":25,"column":8},"end":{"line":25,"column":17}},{"start":{"line":25,"column":21},"end":{"line":25,"column":43}}],"line":25}},"s":{"0":1,"1":1,"2":1,"3":0,"4":0,"5":0,"6":0,"7":0,"8":0,"9":0,"10":0,"11":0,"12":0,"13":1},"f":{"0":1,"1":0,"2":0,"3":0},"b":{"0":[0],"1":[0],"2":[0,0],"3":[0,0]},"_coverageSchema":"1a1c01bbd47fc00a2c39e90264f33305004495a9","hash":"246bffae01a2e04e27b24e45b80c2c2a17d0d32b"}
,"/Users/alva/Downloads/FrontEndDevelopment/PartFour/ProjectFour/src/client/js/getHandler.js": {"path":"/Users/alva/Downloads/FrontEndDevelopment/PartFour/ProjectFour/src/client/js/getHandler.js","statementMap":{"0":{"start":{"line":1,"column":14},"end":{"line":1,"column":48}},"1":{"start":{"line":4,"column":4},"end":{"line":24,"column":5}},"2":{"start":{"line":6,"column":25},"end":{"line":6,"column":41}},"3":{"start":{"line":7,"column":29},"end":{"line":7,"column":44}},"4":{"start":{"line":8,"column":26},"end":{"line":8,"column":55}},"5":{"start":{"line":10,"column":27},"end":{"line":10,"column":29}},"6":{"start":{"line":12,"column":8},"end":{"line":20,"column":10}},"7":{"start":{"line":13,"column":12},"end":{"line":19,"column":13}},"8":{"start":{"line":14,"column":16},"end":{"line":14,"column":81}},"9":{"start":{"line":15,"column":16},"end":{"line":15,"column":89}},"10":{"start":{"line":16,"column":16},"end":{"line":16,"column":73}},"11":{"start":{"line":17,"column":16},"end":{"line":17,"column":44}},"12":{"start":{"line":18,"column":16},"end":{"line":18,"column":56}},"13":{"start":{"line":23,"column":8},"end":{"line":23,"column":27}},"14":{"start":{"line":27,"column":0},"end":{"line":27,"column":26}}},"fnMap":{"0":{"name":"getHandler","decl":{"start":{"line":3,"column":15},"end":{"line":3,"column":25}},"loc":{"start":{"line":3,"column":45},"end":{"line":25,"column":1}},"line":3},"1":{"name":"(anonymous_1)","decl":{"start":{"line":12,"column":23},"end":{"line":12,"column":24}},"loc":{"start":{"line":12,"column":39},"end":{"line":20,"column":9}},"line":12}},"branchMap":{"0":{"loc":{"start":{"line":3,"column":26},"end":{"line":3,"column":44}},"type":"default-arg","locations":[{"start":{"line":3,"column":32},"end":{"line":3,"column":44}}],"line":3}},"s":{"0":1,"1":0,"2":0,"3":0,"4":0,"5":0,"6":0,"7":0,"8":0,"9":0,"10":0,"11":0,"12":0,"13":0,"14":1},"f":{"0":0,"1":0},"b":{"0":[0]},"_coverageSchema":"1a1c01bbd47fc00a2c39e90264f33305004495a9","hash":"38da25a22bf4a7bfeb8c21755290f26fd6965df7"}
}
