TN:
SF:src/client/js/formHandler.js
FN:5,handleSubmit
FN:11,(anonymous_1)
FN:20,(anonymous_2)
FN:33,(anonymous_3)
FNF:4
FNH:1
FNDA:1,handleSubmit
FNDA:0,(anonymous_1)
FNDA:0,(anonymous_2)
FNDA:0,(anonymous_3)
DA:1,1
DA:3,1
DA:9,1
DA:11,0
DA:13,0
DA:21,0
DA:25,0
DA:26,0
DA:27,0
DA:30,0
DA:33,0
DA:34,0
DA:37,0
DA:41,1
LF:14
LH:4
BRDA:11,0,0,0
BRDA:11,1,0,0
BRDA:25,2,0,0
BRDA:25,2,1,0
BRDA:25,3,0,0
BRDA:25,3,1,0
BRF:6
BRH:0
end_of_record
TN:
SF:src/client/js/getHandler.js
FN:3,getHandler
FN:12,(anonymous_1)
FNF:2
FNH:0
FNDA:0,getHandler
FNDA:0,(anonymous_1)
DA:1,1
DA:4,0
DA:6,0
DA:7,0
DA:8,0
DA:10,0
DA:12,0
DA:13,0
DA:14,0
DA:15,0
DA:16,0
DA:17,0
DA:18,0
DA:23,0
DA:27,1
LF:15
LH:2
BRDA:3,0,0,0
BRF:1
BRH:0
end_of_record
